{
  "stats": {
    "suites": 2,
    "tests": 5,
    "passes": 4,
    "pending": 0,
    "failures": 1,
    "start": "2018-05-22T12:09:52.967Z",
    "end": "2018-05-22T12:10:01.875Z",
    "duration": 8908,
    "testsRegistered": 1,
    "passPercent": 400,
    "pendingPercent": 0,
    "other": 1,
    "hasOther": true,
    "skipped": -4,
    "hasSkipped": false,
    "passPercentClass": "success",
    "pendingPercentClass": "danger"
  },
  "suites": {
    "uuid": "c0a804fe-9c6f-403c-804d-079a0884b161",
    "title": "Members API unit test",
    "fullFile": "C:\\College\\Year 4\\Web Services\\assignment-two\\test\\testMembersAPI.js",
    "file": "\\test\\testMembersAPI.js",
    "beforeHooks": [],
    "afterHooks": [],
    "tests": [
      {
        "title": "should return collection of JSON documents",
        "fullTitle": "Members API unit test should return collection of JSON documents",
        "timedOut": false,
        "duration": 21,
        "pass": false,
        "fail": false,
        "pending": false,
        "code": "(0, _supertest2.default)(_index.app).get('/api/members').expect('Content-type', /json/).expect(200).end(function (err, res) {\n  res.status.should.equal(200);\n  done();\n});",
        "err": {},
        "isRoot": false,
        "uuid": "a8a630ea-290c-4e24-a614-4faa10ca0149",
        "isHook": false,
        "skipped": true
      }
    ],
    "suites": [],
    "passes": [],
    "failures": [],
    "pending": [],
    "skipped": [
      "a8a630ea-290c-4e24-a614-4faa10ca0149"
    ],
    "duration": 21,
    "root": false,
    "rootEmpty": false,
    "_timeout": 140000
  },
  "copyrightYear": 2018
}